<?xml version="1.0" encoding="UTF-8"?>
<!-- Generated by org.testng.reporters.JUnitXMLReporter -->
<testsuite hostname="Harithas-Mac-mini.local" ignored="0" name="Test on samsung" tests="3" failures="1" timestamp="20 Nov 2019 10:08:06 GMT" time="932.032" errors="0">
  <testcase name="input" time="284.499" classname="SanityTests.AddingCalculatorRecords"/>
  <testcase name="input" time="214.946" classname="SanityTests.AddingCalculatorRecords">
    <failure type="java.lang.AssertionError" message="expected [None] but found [No Fluids]">
      <![CDATA[java.lang.AssertionError: expected [None] but found [No Fluids]
at SanityTests.AddingCalculatorRecords.input(AddingCalculatorRecords.java:99)
... Removed 30 stack frames]]>
    </failure>
  </testcase> <!-- input -->
  <testcase name="input" time="187.205" classname="SanityTests.AddingCalculatorRecords"/>
</testsuite> <!-- Test on samsung -->
