<?xml version="1.0" encoding="UTF-8"?>
<!-- Generated by org.testng.reporters.JUnitXMLReporter -->
<testsuite hostname="Harithas-Mac-mini.local" ignored="0" name="Test on Android 8.0" tests="2" failures="1" timestamp="15 Nov 2019 09:48:02 GMT" time="332.525" errors="0">
  <testcase name="@BeforeMethod launch" time="31.749" classname="SanityTests.AddingCalculatorRecords">
    <failure type="java.lang.AssertionError" message="expected [true] but found [false]">
      <![CDATA[java.lang.AssertionError: expected [true] but found [false]
at SanityTests.AddingCalculatorRecords.launch(InputTests.java:34)
... Removed 33 stack frames]]>
    </failure>
  </testcase> <!-- @BeforeMethod launch -->
  <testcase name="@AfterMethod done" time="0.0" classname="SanityTests.AddingCalculatorRecords">
    <skipped/>
  </testcase> <!-- @AfterMethod done -->
  <testcase name="@AfterTest quit" time="0.0" classname="SanityTests.AddingCalculatorRecords">
    <skipped/>
  </testcase> <!-- @AfterTest quit -->
  <testcase name="input" time="223.73" classname="SanityTests.AddingCalculatorRecords">
    <failure type="java.lang.AssertionError" message="expected [2.0] but found [2]">
      <![CDATA[java.lang.AssertionError: expected [2.0] but found [2]
at SanityTests.AddingCalculatorRecords.input(InputTests.java:61)
... Removed 30 stack frames]]>
    </failure>
  </testcase> <!-- input -->
  <testcase name="input" time="0.0" classname="SanityTests.AddingCalculatorRecords">
    <skipped/>
  </testcase> <!-- input -->
</testsuite> <!-- Test on Android 8.0 -->
